Build started 31.10.2016 13:47:39.
Project "C:\Users\st49651\documents\visual studio 2013\Projects\iujc_cv6\iujc_cv6\iujc_cv6.vcxproj" on node 2 (Build target(s)).
ClCompile:
  C:\Program Files\Microsoft Visual Studio 12.0\VC\bin\CL.exe /c /ZI /nologo /W3 /WX- /Od /Oy- /D WIN32 /D _DEBUG /D _CONSOLE /D _LIB /D _UNICODE /D UNICODE /Gm /EHsc /RTC1 /MDd /GS /fp:precise /Zc:wchar_t /Zc:forScope /Fo"Debug\\" /Fd"Debug\vc120.pdb" /Gd /TC /analyze- /errorReport:prompt main.c
  main.c
c:\users\st49651\documents\visual studio 2013\projects\iujc_cv6\iujc_cv6\main.c(45): warning C4018: '<' : signed/unsigned mismatch
c:\users\st49651\documents\visual studio 2013\projects\iujc_cv6\iujc_cv6\main.c(55): warning C4018: '<' : signed/unsigned mismatch
c:\users\st49651\documents\visual studio 2013\projects\iujc_cv6\iujc_cv6\main.c(57): warning C4018: '<' : signed/unsigned mismatch
c:\users\st49651\documents\visual studio 2013\projects\iujc_cv6\iujc_cv6\main.c(65): warning C4018: '<' : signed/unsigned mismatch
c:\users\st49651\documents\visual studio 2013\projects\iujc_cv6\iujc_cv6\main.c(67): warning C4018: '<' : signed/unsigned mismatch
c:\users\st49651\documents\visual studio 2013\projects\iujc_cv6\iujc_cv6\main.c(77): warning C4018: '<' : signed/unsigned mismatch
c:\users\st49651\documents\visual studio 2013\projects\iujc_cv6\iujc_cv6\main.c(86): warning C4018: '<' : signed/unsigned mismatch
c:\users\st49651\documents\visual studio 2013\projects\iujc_cv6\iujc_cv6\main.c(88): warning C4018: '<' : signed/unsigned mismatch
c:\users\st49651\documents\visual studio 2013\projects\iujc_cv6\iujc_cv6\main.c(104): warning C4018: '<' : signed/unsigned mismatch
c:\users\st49651\documents\visual studio 2013\projects\iujc_cv6\iujc_cv6\main.c(106): warning C4018: '<' : signed/unsigned mismatch
Link:
  C:\Program Files\Microsoft Visual Studio 12.0\VC\bin\link.exe /ERRORREPORT:PROMPT /OUT:"C:\Users\st49651\documents\visual studio 2013\Projects\iujc_cv6\Debug\iujc_cv6.exe" /INCREMENTAL /NOLOGO kernel32.lib user32.lib gdi32.lib winspool.lib comdlg32.lib advapi32.lib shell32.lib ole32.lib oleaut32.lib uuid.lib odbc32.lib odbccp32.lib /MANIFEST /MANIFESTUAC:"level='asInvoker' uiAccess='false'" /manifest:embed /DEBUG /PDB:"C:\Users\st49651\documents\visual studio 2013\Projects\iujc_cv6\Debug\iujc_cv6.pdb" /SUBSYSTEM:CONSOLE /TLBID:1 /DYNAMICBASE /NXCOMPAT /IMPLIB:"C:\Users\st49651\documents\visual studio 2013\Projects\iujc_cv6\Debug\iujc_cv6.lib" /MACHINE:X86 Debug\main.obj
  iujc_cv6.vcxproj -> C:\Users\st49651\documents\visual studio 2013\Projects\iujc_cv6\Debug\iujc_cv6.exe
Done Building Project "C:\Users\st49651\documents\visual studio 2013\Projects\iujc_cv6\iujc_cv6\iujc_cv6.vcxproj" (Build target(s)).

Build succeeded.

Time Elapsed 00:00:01.98
